{
  "RSpec": {
    "coverage": {
      "/myapp/config/environment.rb": [
        null,
        1,
        null,
        null,
        1
      ],
      "/myapp/config/application.rb": [
        1,
        null,
        1,
        null,
        null,
        null,
        1,
        null,
        1,
        1,
        null,
        1,
        null,
        null,
        null,
        null,
        null,
        null,
        null
      ],
      "/myapp/config/boot.rb": [
        1,
        null,
        1,
        1
      ],
      "/myapp/config/environments/test.rb": [
        1,
        null,
        null,
        null,
        null,
        null,
        null,
        1,
        null,
        null,
        null,
        null,
        1,
        null,
        null,
        1,
        1,
        null,
        null,
        null,
        null,
        1,
        1,
        null,
        null,
        1,
        null,
        null,
        1,
        null,
        null,
        1,
        null,
        1,
        null,
        null,
        null,
        null,
        1,
        null,
        null,
        1,
        null,
        null,
        null,
        null
      ],
      "/myapp/config/initializers/application_controller_renderer.rb": [
        null,
        null,
        null,
        null,
        null,
        null,
        null,
        null
      ],
      "/myapp/config/initializers/assets.rb": [
        null,
        null,
        null,
        1,
        null,
        null,
        null,
        null,
        1,
        null,
        null,
        null,
        null,
        null
      ],
      "/myapp/config/initializers/backtrace_silencers.rb": [
        null,
        null,
        null,
        null,
        null,
        null,
        null
      ],
      "/myapp/config/initializers/content_security_policy.rb": [
        null,
        null,
        null,
        null,
        null,
        null,
        null,
        null,
        null,
        null,
        null,
        null,
        null,
        null,
        null,
        null,
        null,
        null,
        null,
        null,
        null,
        null,
        null,
        null,
        null
      ],
      "/myapp/config/initializers/cookies_serializer.rb": [
        null,
        null,
        null,
        null,
        1
      ],
      "/myapp/config/initializers/filter_parameter_logging.rb": [
        null,
        null,
        null,
        1
      ],
      "/myapp/config/initializers/inflections.rb": [
        null,
        null,
        null,
        null,
        null,
        null,
        null,
        null,
        null,
        null,
        null,
        null,
        null,
        null,
        null,
        null
      ],
      "/myapp/config/initializers/mime_types.rb": [
        null,
        null,
        null,
        null
      ],
      "/myapp/config/initializers/wrap_parameters.rb": [
        null,
        null,
        null,
        null,
        null,
        null,
        1,
        2,
        null,
        null,
        null,
        null,
        null,
        null
      ],
      "/myapp/config/routes.rb": [
        1,
        null,
        null
      ],
      "/myapp/app/helpers/application_helper.rb": [
        1,
        null
      ],
      "/myapp/app/models/user.rb": [
        1,
        1,
        null
      ],
      "/myapp/app/models/application_record.rb": [
        1,
        1,
        null
      ],
      "/myapp/spec/models/user_spec.rb": [
        1,
        null,
        1,
        1,
        2,
        null,
        null
      ],
      "/myapp/spec/redis_spec.rb": [
        1,
        null,
        1,
        1,
        1,
        1,
        0,
        null,
        null
      ],
      "/myapp/spec/test_spec.rb": [
        1,
        null,
        1,
        1,
        null,
        null,
        null,
        1,
        1,
        1,
        1,
        null,
        null,
        null
      ]
    },
    "timestamp": 1654549842
  }
}
